Hello! World
Hello! World
Hello! World
Hello! World
Hello! World
Hello! World
Hello! World
Hello! World
Hello! World
Hello! World
Hello! World
Hello! World
Hello! World
Hello! World
Hello! World
Hello! World
Hello! World
Hello! World
Hello! World
Hello! World
Hello! World
Hello! World
Hello! World
Hello! World
Hello! World
Hello! World
Hello! World
Hello! World
Hello! World
Hello! World
Hello! World
Hello! World
Hello! World
Hello! World
Hello! World
Hello! World
Hello! World
Hello! World
Hello! World
Hello! World
Hello! World
Hello! World
Hello! World
Hello! World
Hello! World
Hello! World
Hello! World
Hello! World
Hello! World
Hello! World
Hello! World
Hello! World
Hello! World
Hello! World
Hello! World
Hello! World
Hello! World
Hello! World
Hello! World
Hello! World
Hello! World
Hello! World
Hello! World
Hello! World
Hello! World
Hello! World
Hello! World
Hello! World
Hello! World
Hello! World
Hello! World
Hello! World
Hello! World
Hello! World
Hello! World
Hello! World
Hello! World
Hello! World
Hello! World
Hello! World
Hello! World
Hello! World
Hello! World
Hello! World
Hello! World
Hello! World
Hello! World
Hello! World
Hello! World
Hello! World
Hello! World
Hello! World
Hello! World
Hello! World
Hello! World
Hello! World
Hello! World
Hello! World
Hello! World
Hello! World
Hello! World
Hello! World
Hello! World
Hello! World
Hello! World
Hello! World
Hello! World
Hello! World
Hello! World
Hello! World
Hello! World
Hello! World
Hello! World
Hello! World
Hello! World
Hello! World
Hello! World
Hello! World
Hello! World
Hello! World
Hello! World
Hello! World
Hello! World
Hello! World
Hello! World
Hello! World
Hello! World
Hello! World
Hello! World
Hello! World
Hello! World
Hello! World
Hello! World
Hello! World
Hello! World
Hello! World
Hello! World
Hello! World
Hello! World
Hello! World
Hello! World
Hello! World
Hello! World
Hello! World
Hello! World
Hello! World
Hello! World
Hello! World
Hello! World
Hello! World
Hello! World
Hello! World
Hello! World
Hello! World
Hello! World
Hello! World
Hello! World
Hello! World
Hello! World
Hello! World
Hello! World
Hello! World
Hello! World
Hello! World
Hello! World
Hello! World
Hello! World
Hello! World
Hello! World
Hello! World
Hello! World
Hello! World
Hello! World
Hello! World
Hello! World
Hello! World
Hello! World
Hello! World
Hello! World
Hello! World
Hello! World
Hello! World
Hello! World
Hello! World
Hello! World
Hello! World
Hello! World
Hello! World
Hello! World
Hello! World
Hello! World
Hello! World
Hello! World
Hello! World
Hello! World
Hello! World
Hello! World
Hello! World
Hello! World
Hello! World
Hello! World
Hello! World
Hello! World
Hello! World
Hello! World
Hello! World
Hello! World
Hello! World
Hello! World
Hello! World
Hello! World
Hello! World
Hello! World
Hello! World
Hello! World
Hello! World
Hello! World
Hello! World
Hello! World
Hello! World
Hello! World
Hello! World
Hello! World
Hello! World
Hello! World
Hello! World
Hello! World
Hello! World
Hello! World
Hello! World
Hello! World
Hello! World
Hello! World
Hello! World
Hello! World
Hello! World
Hello! World
Hello! World
Hello! World
Hello! World
Hello! World
Hello! World
Hello! World
Hello! World
Hello! World
Hello! World
Hello! World
Hello! World
Hello! World
Hello! World
Hello! World
Hello! World
Hello! World
Hello! World
Hello! World
Hello! World
Hello! World
Hello! World
Hello! World
Hello! World
Hello! World
Hello! World
Hello! World
Hello! World
Hello! World
Hello! World
Hello! World
Hello! World
Hello! World
Hello! World
Hello! World
Hello! World
Hello! World
Hello! World
Hello! World
Hello! World
Hello! World
Hello! World
Hello! World
Hello! World
Hello! World
Hello! World
Hello! World
Hello! World
Hello! World
Hello! World
Hello! World
Hello! World
Hello! World
Hello! World
Hello! World
Hello! World
Hello! World
Hello! World
Hello! World
Hello! World
Hello! World
Hello! World
Hello! World
Hello! World
Hello! World
Hello! World
Hello! World
Hello! World
Hello! World
Hello! World
Hello! World
Hello! World
Hello! World
Hello! World
Hello! World
Hello! World
Hello! World
Hello! World
Hello! World
Hello! World
Hello! World
Hello! World
Hello! World
Hello! World
Hello! World
Hello! World
Hello! World
Hello! World
Hello! World
Hello! World
Hello! World
Hello! World
Hello! World
Hello! World
Hello! World
Hello! World
Hello! World
Hello! World
Hello! World
Hello! World
Hello! World
Hello! World
Hello! World
Hello! World
Hello! World
Hello! World
Hello! World
Hello! World
Hello! World
Hello! World
Hello! World
Hello! World
Hello! World
Hello! World
Hello! World
Hello! World
Hello! World
Hello! World
Hello! World
Hello! World
Hello! World
Hello! World
Hello! World
Hello! World
Hello! World
Hello! World
Hello! World
Hello! World
Hello! World
Hello! World
Hello! World
Hello! World
Hello! World
Hello! World
Hello! World
Hello! World
Hello! World
Hello! World
Hello! World
Hello! World
Hello! World
Hello! World
Hello! World
Hello! World
Hello! World
Hello! World
Hello! World
Hello! World
Hello! World
Hello! World
Hello! World
Hello! World
Hello! World
Hello! World
Hello! World
Hello! World
Hello! World
Hello! World
Hello! World
Hello! World
Hello! World
Hello! World
Hello! World
Hello! World
Hello! World
Hello! World
Hello! World
Hello! World
Hello! World
Hello! World
Hello! World
Hello! World
Hello! World
Hello! World
Hello! World
Hello! World
Hello! World
Hello! World
Hello! World
Hello! World
Hello! World
Hello! World
Hello! World
Hello! World
Hello! World
Hello! World
Hello! World
Hello! World
Hello! World
Hello! World
Hello! World
Hello! World
Hello! World
Hello! World
Hello! World
Hello! World
Hello! World
Hello! World
Hello! World
Hello! World
Hello! World
Hello! World
Hello! World
Hello! World
Hello! World
Hello! World
Hello! World
Hello! World
Hello! World
Hello! World
Hello! World
Hello! World
Hello! World
Hello! World
Hello! World
Hello! World
Hello! World
Hello! World
Hello! World
Hello! World
Hello! World    106    1    b        java.lang.String::indexOf (70 bytes)
Could not load hsdis-amd64.so; library not loadable; PrintAssembly is disabled

Hello! World
Hello! World
Hello! World
Hello! World
Hello! World
Hello! World
Hello! World
Hello! World
Hello! World
Hello! World
Hello! World
Hello! World
Hello! World
Hello! World
Hello! World
Hello! World
Hello! World
Hello! World
Hello! World
Hello! World
Hello! World
Hello! World
Hello! World
Hello! World
Hello! World
Hello! World
Hello! World
Hello! World
Hello! World
Hello! World
Hello! World
Hello! World
Hello! World
Hello! World
Hello! World
Hello! World
Hello! World
Hello! World
Hello! World
Hello! World
Hello! World
Hello! World
Hello! World
Hello! World
Hello! World
Hello! World
Hello! World
Hello! World
Hello! World
Hello! World
Hello! World
Hello! World
Hello! World
Hello! World
Hello! World
Hello! World
Hello! World
Hello! World
Hello! World
Hello! World
Hello! World
Hello! World
Hello! World
Hello! World
Hello! World
Hello! World
Hello! World
Hello! World
Hello! World
Hello! World
Hello! World
Hello! World
Hello! World
Hello! World
Hello! World
Hello! World
Hello! World
Hello! World
Hello! World
Hello! World
Hello! World
Hello! World
Hello! World
Hello! World
Hello! World
Hello! World
Hello! World
Hello! World
Hello! World
Hello! World
Hello! World
Hello! World
Hello! World
Hello! World
Hello! World
Hello! World
Hello! World
Hello! World
Hello! World
Hello! World
Hello! World
Hello! World
Hello! World
Hello! World
Hello! World
Hello! World
Hello! World
Hello! World
Hello! World
Hello! World
Hello! World
Hello! World
Hello! World
Hello! World
Hello! World
Hello! World
Hello! World
Hello! World
Hello! World
Hello! World
Hello! World
Hello! World
Hello! World
Hello! World
Hello! World
Hello! World
Hello! World
Hello! World
Hello! World
Hello! World
Hello! World
Hello! World
Hello! World
Hello! World
Hello! World
Hello! World
Hello! World
Hello! World
Hello! World
Hello! World
Hello! World
Hello! World
Hello! World
Hello! World
Hello! World
Hello! World
Hello! World
Hello! World
Hello! World
Hello! World
Hello! World
Hello! World
Hello! World
Hello! World
Hello! World
Hello! World
Hello! World
Hello! World
Hello! World
Hello! World
Hello! World
Hello! World
Hello! World
Hello! World
Hello! World
Hello! World
Hello! World
Hello! World
Hello! World
Hello! World
Hello! World
Hello! World
Hello! World
Hello! World
Hello! World
Hello! World
Hello! World
Hello! World
Hello! World
Hello! World
Hello! World
Hello! World
Hello! World
Hello! World
Hello! World
Hello! World
Hello! World
Hello! World
Hello! World
Hello! World
Hello! World
Hello! World
Hello! World
Hello! World
Hello! World
Hello! World
Hello! World
Hello! World
Hello! World
Hello! World
Hello! World
Hello! World
Hello! World
Hello! World
Hello! World
Hello! World
Hello! World
Hello! World
Hello! World
Hello! World    115    2    b        sun.nio.cs.UTF_8$Encoder::encodeArrayLoop (489 bytes)
                            @ 1   java.nio.CharBuffer::array (35 bytes)   inline (hot)
                            @ 6   java.nio.CharBuffer::arrayOffset (35 bytes)   inline (hot)
                            @ 10   java.nio.Buffer::position (5 bytes)   accessor
                            @ 17   java.nio.CharBuffer::arrayOffset (35 bytes)   inline (hot)
                            @ 21   java.nio.Buffer::limit (5 bytes)   accessor
                            @ 28   java.nio.ByteBuffer::array (35 bytes)   inline (hot)
                            @ 34   java.nio.ByteBuffer::arrayOffset (35 bytes)   inline (hot)
                            @ 38   java.nio.Buffer::position (5 bytes)   accessor
                            @ 45   java.nio.ByteBuffer::arrayOffset (35 bytes)   inline (hot)
                            @ 49   java.nio.Buffer::limit (5 bytes)   accessor
                            @ 67   java.lang.Math::min (11 bytes)   (intrinsic)
                            @ 482   sun.nio.cs.UTF_8::access$200 (8 bytes)   inline (hot)
                              @ 4   sun.nio.cs.UTF_8::updatePositions (23 bytes)   inline (hot)
                                @ 3   java.nio.CharBuffer::arrayOffset (35 bytes)   inline (hot)
                                @ 7   java.nio.Buffer::position (43 bytes)   too big
                                @ 14   java.nio.ByteBuffer::arrayOffset (35 bytes)   inline (hot)
                                @ 18   java.nio.Buffer::position (43 bytes)   too big

Hello! World
Hello! World
Hello! World
Hello! World
Hello! World
Hello! World
Hello! World
Hello! World
Hello! World
Hello! World
Hello! World
Hello! World
Hello! World
Hello! World
Hello! World
Hello! World
Hello! World
Hello! World
Hello! World
Hello! World
Hello! World
Hello! World
Hello! World
Hello! World
Hello! World
Hello! World
Hello! World
Hello! World
Hello! World
Hello! World
Hello! World
Hello! World
Hello! World
Hello! World
Hello! World
Hello! World
Hello! World
Hello! World
Hello! World
Hello! World
Hello! World
Hello! World
Hello! World
Hello! World
Hello! World
Hello! World
Hello! World
Hello! World
Hello! World
Hello! World
Hello! World
Hello! World
Hello! World
Hello! World
Hello! World
Hello! World
Hello! World
Hello! World
Hello! World
Hello! World
Hello! World
Hello! World
Hello! World
Hello! World
Hello! World
Hello! World
Hello! World
Hello! World
Hello! World
Hello! World
Hello! World
Hello! World
Hello! World
Hello! World
Hello! World
Hello! World
Hello! World
Hello! World
Hello! World
Hello! World
Hello! World
Hello! World
Hello! World
Hello! World
Hello! World
Hello! World
Hello! World
Hello! World
Hello! World
Hello! World
Hello! World
Hello! World
Hello! World
Hello! World
Hello! World
Hello! World
Hello! World
Hello! World
Hello! World
Hello! World
Hello! World
Hello! World
Hello! World
Hello! World
Hello! World
Hello! World
Hello! World
Hello! World
Hello! World
Hello! World
Hello! World
Hello! World
Hello! World
Hello! World
Hello! World
Hello! World
Hello! World
Hello! World
Hello! World
Hello! World
Hello! World
Hello! World
Hello! World
Hello! World
Hello! World
Hello! World
Hello! World
Hello! World
Hello! World
Hello! World
Hello! World
Hello! World
Hello! World
Hello! World
Hello! World
Hello! World
Hello! World
Hello! World
Hello! World
Hello! World
Hello! World
Hello! World
Hello! World
Hello! World
Hello! World
Hello! World
Hello! World
Hello! World
Hello! World
Hello! World
Hello! World
Hello! World
Hello! World
Hello! World
Hello! World
Hello! World
Hello! World
Hello! World
Hello! World
Hello! World
Hello! World
Hello! World
Hello! World
Hello! World
Hello! World
Hello! World
Hello! World
Hello! World
Hello! World
Hello! World
Hello! World
Hello! World
Hello! World
Hello! World
Hello! World
Hello! World
Hello! World
Hello! World
Hello! World
Hello! World
Hello! World
Hello! World
Hello! World
Hello! World
Hello! World
Hello! World
Hello! World
Hello! World
Hello! World
Hello! World
Hello! World
Hello! World
Hello! World
Hello! World
Hello! World
Hello! World
Hello! World
Hello! World
Hello! World
Hello! World
Hello! World
Hello! World
Hello! World
Hello! World
Hello! World
Hello! World
Hello! World
Hello! World
Hello! World
Hello! World
Hello! World
Hello! World
Hello! World
Hello! World
Hello! World
Hello! World
Hello! World
Hello! World
Hello! World
Hello! World
Hello! World
Hello! World
Hello! World
Hello! World
Hello! World
Hello! World
Hello! World
Hello! World
Hello! World
Hello! World
Hello! World
Hello! World
Hello! World
Hello! World
Hello! World
Hello! World
Hello! World
Hello! World
Hello! World
Hello! World
Hello! World
Hello! World
Hello! World
Hello! World
Hello! World
Hello! World
Hello! World
Hello! World
Hello! World
Hello! World
Hello! World
Hello! World
Hello! World
Hello! World
Hello! World
Hello! World
Hello! World
Hello! World
Hello! World
Hello! World
Hello! World
Hello! World
Hello! World
Hello! World
Hello! World
Hello! World
Hello! World
Hello! World
Hello! World
Hello! World
Hello! World
Hello! World
Hello! World
Hello! World
Hello! World
Hello! World
Hello! World
Hello! World
Hello! World
Hello! World
Hello! World
Hello! World
Hello! World
Hello! World
Hello! World
Hello! World
Hello! World
Hello! World
Hello! World
Hello! World
Hello! World
Hello! World
Hello! World
Hello! World
Hello! World
Hello! World
Hello! World
Hello! World
Hello! World
Hello! World
Hello! World
Hello! World
Hello! World
Hello! World
Hello! World
Hello! World
Hello! World
Hello! World
Hello! World
Hello! World
Hello! World
Hello! World
Hello! World
Hello! World
Hello! World
Hello! World
Hello! World
Hello! World
Hello! World
Hello! World
Hello! World
Hello! World
Hello! World
Hello! World
Hello! World
Hello! World
Hello! World
Hello! World
Hello! World
Hello! World
Hello! World
Hello! World
Hello! World
